  stdafx.cpp
  MyUtil.cpp
c:\users\redforce\desktop\sga_directx_team-project\direct3d_project\direct3d_project\myutil.cpp(293): warning C4018: '<': signed 또는 unsigned가 일치하지 않습니다.
c:\users\redforce\desktop\sga_directx_team-project\direct3d_project\direct3d_project\myutil.cpp(405): warning C4018: '<': signed 또는 unsigned가 일치하지 않습니다.
  Direct3D_Project.cpp
  cXMesh_Static.cpp
c:\users\redforce\desktop\sga_directx_team-project\direct3d_project\direct3d_project\cxmesh_static.cpp(227): warning C4018: '<': signed 또는 unsigned가 일치하지 않습니다.
c:\users\redforce\desktop\sga_directx_team-project\direct3d_project\direct3d_project\cxmesh_static.cpp(488): warning C4018: '<': signed 또는 unsigned가 일치하지 않습니다.
  cXMesh_Skinned.cpp
c:\users\redforce\desktop\sga_directx_team-project\direct3d_project\direct3d_project\cxmesh_skinned.cpp(85): warning C4018: '<': signed 또는 unsigned가 일치하지 않습니다.
c:\users\redforce\desktop\sga_directx_team-project\direct3d_project\direct3d_project\cxmesh_skinned.cpp(242): warning C4018: '<': signed 또는 unsigned가 일치하지 않습니다.
c:\users\redforce\desktop\sga_directx_team-project\direct3d_project\direct3d_project\cxmesh_skinned.cpp(302): warning C4018: '<': signed 또는 unsigned가 일치하지 않습니다.
  cXMesh.cpp
  cTransform.cpp
c:\users\redforce\desktop\sga_directx_team-project\direct3d_project\direct3d_project\ctransform.cpp(1464): warning C4244: '초기화 중': 'LONG'에서 'float'(으)로 변환하면서 데이터가 손실될 수 있습니다.
c:\users\redforce\desktop\sga_directx_team-project\direct3d_project\direct3d_project\ctransform.cpp(1465): warning C4244: '초기화 중': 'LONG'에서 'float'(으)로 변환하면서 데이터가 손실될 수 있습니다.
  cTimeMgr.cpp
  cTerrain.cpp
c:\users\redforce\desktop\sga_directx_team-project\direct3d_project\direct3d_project\cterrain.cpp(171): warning C4018: '<': signed 또는 unsigned가 일치하지 않습니다.
c:\users\redforce\desktop\sga_directx_team-project\direct3d_project\direct3d_project\cterrain.cpp(378): warning C4244: '=': 'double'에서 'float'(으)로 변환하면서 데이터가 손실될 수 있습니다.
c:\users\redforce\desktop\sga_directx_team-project\direct3d_project\direct3d_project\cterrain.cpp(379): warning C4244: '=': 'double'에서 'float'(으)로 변환하면서 데이터가 손실될 수 있습니다.
c:\users\redforce\desktop\sga_directx_team-project\direct3d_project\direct3d_project\cterrain.cpp(451): warning C4018: '<': signed 또는 unsigned가 일치하지 않습니다.
c:\users\redforce\desktop\sga_directx_team-project\direct3d_project\direct3d_project\cterrain.cpp(453): warning C4018: '<': signed 또는 unsigned가 일치하지 않습니다.
  cSpriteManager.cpp
c:\users\redforce\desktop\sga_directx_team-project\direct3d_project\direct3d_project\cspritemanager.cpp(120): warning C4244: '초기화 중': 'LONG'에서 'float'(으)로 변환하면서 데이터가 손실될 수 있습니다.
c:\users\redforce\desktop\sga_directx_team-project\direct3d_project\direct3d_project\cspritemanager.cpp(121): warning C4244: '초기화 중': 'LONG'에서 'float'(으)로 변환하면서 데이터가 손실될 수 있습니다.
c:\users\redforce\desktop\sga_directx_team-project\direct3d_project\direct3d_project\cspritemanager.cpp(123): warning C4244: '초기화 중': 'LONG'에서 'float'(으)로 변환하면서 데이터가 손실될 수 있습니다.
c:\users\redforce\desktop\sga_directx_team-project\direct3d_project\direct3d_project\cspritemanager.cpp(124): warning C4244: '초기화 중': 'LONG'에서 'float'(으)로 변환하면서 데이터가 손실될 수 있습니다.
c:\users\redforce\desktop\sga_directx_team-project\direct3d_project\direct3d_project\cspritemanager.cpp(141): warning C4244: '인수': 'LONG'에서 'FLOAT'(으)로 변환하면서 데이터가 손실될 수 있습니다.
c:\users\redforce\desktop\sga_directx_team-project\direct3d_project\direct3d_project\cspritemanager.cpp(167): warning C4244: '초기화 중': 'LONG'에서 'float'(으)로 변환하면서 데이터가 손실될 수 있습니다.
c:\users\redforce\desktop\sga_directx_team-project\direct3d_project\direct3d_project\cspritemanager.cpp(168): warning C4244: '초기화 중': 'LONG'에서 'float'(으)로 변환하면서 데이터가 손실될 수 있습니다.
c:\users\redforce\desktop\sga_directx_team-project\direct3d_project\direct3d_project\cspritemanager.cpp(183): warning C4244: '초기화 중': 'LONG'에서 'float'(으)로 변환하면서 데이터가 손실될 수 있습니다.
c:\users\redforce\desktop\sga_directx_team-project\direct3d_project\direct3d_project\cspritemanager.cpp(184): warning C4244: '초기화 중': 'LONG'에서 'float'(으)로 변환하면서 데이터가 손실될 수 있습니다.
c:\users\redforce\desktop\sga_directx_team-project\direct3d_project\direct3d_project\cspritemanager.cpp(185): warning C4244: '초기화 중': 'LONG'에서 'float'(으)로 변환하면서 데이터가 손실될 수 있습니다.
c:\users\redforce\desktop\sga_directx_team-project\direct3d_project\direct3d_project\cspritemanager.cpp(186): warning C4244: '초기화 중': 'LONG'에서 'float'(으)로 변환하면서 데이터가 손실될 수 있습니다.
c:\users\redforce\desktop\sga_directx_team-project\direct3d_project\direct3d_project\cspritemanager.cpp(188): warning C4244: '초기화 중': 'LONG'에서 'float'(으)로 변환하면서 데이터가 손실될 수 있습니다.
c:\users\redforce\desktop\sga_directx_team-project\direct3d_project\direct3d_project\cspritemanager.cpp(189): warning C4244: '초기화 중': 'LONG'에서 'float'(으)로 변환하면서 데이터가 손실될 수 있습니다.
c:\users\redforce\desktop\sga_directx_team-project\direct3d_project\direct3d_project\cspritemanager.cpp(190): warning C4244: '초기화 중': 'LONG'에서 'float'(으)로 변환하면서 데이터가 손실될 수 있습니다.
c:\users\redforce\desktop\sga_directx_team-project\direct3d_project\direct3d_project\cspritemanager.cpp(191): warning C4244: '초기화 중': 'LONG'에서 'float'(으)로 변환하면서 데이터가 손실될 수 있습니다.
c:\users\redforce\desktop\sga_directx_team-project\direct3d_project\direct3d_project\cspritemanager.cpp(194): warning C4838: 'float'에서 'LONG'(으)로의 변환에는 축소 변환이 필요합니다.
c:\users\redforce\desktop\sga_directx_team-project\direct3d_project\direct3d_project\cspritemanager.cpp(194): warning C4244: '초기화 중': 'float'에서 'LONG'(으)로 변환하면서 데이터가 손실될 수 있습니다.
c:\users\redforce\desktop\sga_directx_team-project\direct3d_project\direct3d_project\cspritemanager.cpp(195): warning C4838: 'float'에서 'LONG'(으)로의 변환에는 축소 변환이 필요합니다.
c:\users\redforce\desktop\sga_directx_team-project\direct3d_project\direct3d_project\cspritemanager.cpp(195): warning C4244: '초기화 중': 'float'에서 'LONG'(으)로 변환하면서 데이터가 손실될 수 있습니다.
c:\users\redforce\desktop\sga_directx_team-project\direct3d_project\direct3d_project\cspritemanager.cpp(196): warning C4838: 'float'에서 'LONG'(으)로의 변환에는 축소 변환이 필요합니다.
c:\users\redforce\desktop\sga_directx_team-project\direct3d_project\direct3d_project\cspritemanager.cpp(196): warning C4244: '초기화 중': 'float'에서 'LONG'(으)로 변환하면서 데이터가 손실될 수 있습니다.
c:\users\redforce\desktop\sga_directx_team-project\direct3d_project\direct3d_project\cspritemanager.cpp(197): warning C4838: 'float'에서 'LONG'(으)로의 변환에는 축소 변환이 필요합니다.
c:\users\redforce\desktop\sga_directx_team-project\direct3d_project\direct3d_project\cspritemanager.cpp(197): warning C4244: '초기화 중': 'float'에서 'LONG'(으)로 변환하면서 데이터가 손실될 수 있습니다.
c:\users\redforce\desktop\sga_directx_team-project\direct3d_project\direct3d_project\cspritemanager.cpp(198): warning C4838: 'float'에서 'LONG'(으)로의 변환에는 축소 변환이 필요합니다.
c:\users\redforce\desktop\sga_directx_team-project\direct3d_project\direct3d_project\cspritemanager.cpp(198): warning C4244: '초기화 중': 'float'에서 'LONG'(으)로 변환하면서 데이터가 손실될 수 있습니다.
c:\users\redforce\desktop\sga_directx_team-project\direct3d_project\direct3d_project\cspritemanager.cpp(199): warning C4838: 'float'에서 'LONG'(으)로의 변환에는 축소 변환이 필요합니다.
c:\users\redforce\desktop\sga_directx_team-project\direct3d_project\direct3d_project\cspritemanager.cpp(199): warning C4244: '초기화 중': 'float'에서 'LONG'(으)로 변환하면서 데이터가 손실될 수 있습니다.
c:\users\redforce\desktop\sga_directx_team-project\direct3d_project\direct3d_project\cspritemanager.cpp(200): warning C4838: 'float'에서 'LONG'(으)로의 변환에는 축소 변환이 필요합니다.
c:\users\redforce\desktop\sga_directx_team-project\direct3d_project\direct3d_project\cspritemanager.cpp(200): warning C4244: '초기화 중': 'float'에서 'LONG'(으)로 변환하면서 데이터가 손실될 수 있습니다.
c:\users\redforce\desktop\sga_directx_team-project\direct3d_project\direct3d_project\cspritemanager.cpp(201): warning C4838: 'float'에서 'LONG'(으)로의 변환에는 축소 변환이 필요합니다.
c:\users\redforce\desktop\sga_directx_team-project\direct3d_project\direct3d_project\cspritemanager.cpp(201): warning C4244: '초기화 중': 'float'에서 'LONG'(으)로 변환하면서 데이터가 손실될 수 있습니다.
c:\users\redforce\desktop\sga_directx_team-project\direct3d_project\direct3d_project\cspritemanager.cpp(202): warning C4838: 'float'에서 'LONG'(으)로의 변환에는 축소 변환이 필요합니다.
c:\users\redforce\desktop\sga_directx_team-project\direct3d_project\direct3d_project\cspritemanager.cpp(202): warning C4244: '초기화 중': 'float'에서 'LONG'(으)로 변환하면서 데이터가 손실될 수 있습니다.
  cSoundManager.cpp
  cSkinnedAnimation.cpp
c:\users\redforce\desktop\sga_directx_team-project\direct3d_project\direct3d_project\cskinnedanimation.cpp(194): warning C4018: '<': signed 또는 unsigned가 일치하지 않습니다.
  cSingletonBase.cpp
  cSetBoundObject.cpp
  cScene_Main.cpp
  cScene.cpp
c:\users\redforce\desktop\sga_directx_team-project\direct3d_project\direct3d_project\cscene.cpp(12): warning C4316: 'cCamera': 힙에 할당된 개체가 16에 맞추어져 있지 않을 수도 있습니다
  cResourceMgr_XStaticMesh.cpp
  cResourceMgr_XSkinnedMesh.cpp
c:\users\redforce\desktop\sga_directx_team-project\direct3d_project\direct3d_project\cresourcemgr_xskinnedmesh.cpp(16): warning C4316: 'cXMesh_Skinned': 힙에 할당된 개체가 16에 맞추어져 있지 않을 수도 있습니다
  cResourceMgr_Texture.cpp
  cResourceMgr_ShaderFX.cpp
  cResourceMgr.cpp
  코드를 생성하고 있습니다...
c:\users\redforce\desktop\sga_directx_team-project\direct3d_project\direct3d_project\cskinnedanimation.cpp(53): warning C4715: 'cSkinnedAnimation::Init': 모든 제어 경로에서 값을 반환하지는 않습니다.
c:\users\redforce\desktop\sga_directx_team-project\direct3d_project\direct3d_project\cterrain.cpp(98): warning C4715: 'cTerrain::Init': 모든 제어 경로에서 값을 반환하지는 않습니다.
  컴파일하고 있습니다...
  cQuadTree.cpp
  cPhysicManager.cpp
c:\users\redforce\desktop\sga_directx_team-project\direct3d_project\direct3d_project\cphysicmanager.cpp(338): warning C4018: '<': signed 또는 unsigned가 일치하지 않습니다.
c:\users\redforce\desktop\sga_directx_team-project\direct3d_project\direct3d_project\cphysicmanager.cpp(1107): warning C4244: '인수': 'double'에서 'float'(으)로 변환하면서 데이터가 손실될 수 있습니다.
c:\users\redforce\desktop\sga_directx_team-project\direct3d_project\direct3d_project\cphysicmanager.cpp(1138): warning C4244: '인수': 'double'에서 'float'(으)로 변환하면서 데이터가 손실될 수 있습니다.
  cParticleQuad.cpp
  cParticleEmitter.cpp
c:\users\redforce\desktop\sga_directx_team-project\direct3d_project\direct3d_project\cparticleemitter.cpp(39): warning C4316: 'cParticle': 힙에 할당된 개체가 16에 맞추어져 있지 않을 수도 있습니다
c:\users\redforce\desktop\sga_directx_team-project\direct3d_project\direct3d_project\cparticleemitter.cpp(56): warning C4018: '<': signed 또는 unsigned가 일치하지 않습니다.
c:\users\redforce\desktop\sga_directx_team-project\direct3d_project\direct3d_project\cparticleemitter.cpp(63): warning C4018: '<': signed 또는 unsigned가 일치하지 않습니다.
c:\users\redforce\desktop\sga_directx_team-project\direct3d_project\direct3d_project\cparticleemitter.cpp(123): warning C4018: '<': signed 또는 unsigned가 일치하지 않습니다.
c:\users\redforce\desktop\sga_directx_team-project\direct3d_project\direct3d_project\cparticleemitter.cpp(149): warning C4018: '<': signed 또는 unsigned가 일치하지 않습니다.
  cParticle.cpp
  cMainGame.cpp
  cLogMgr.cpp
  cLight_Point.cpp
  cLight_Direction.cpp
  cLight.cpp
c:\users\redforce\desktop\sga_directx_team-project\direct3d_project\direct3d_project\clight.cpp(8): warning C4316: 'cTransform': 힙에 할당된 개체가 16에 맞추어져 있지 않을 수도 있습니다
  cKeyMgr.cpp
c:\users\redforce\desktop\sga_directx_team-project\direct3d_project\direct3d_project\ckeymgr.cpp(29): warning C4800: 'int': 'true' 또는 'false'로 bool 값을 강제하고 있습니다(성능 경고).
  cImage.cpp
  cGizmoManager.cpp
  cFrustum.cpp
  cDXFontManager.cpp
c:\users\redforce\desktop\sga_directx_team-project\direct3d_project\direct3d_project\cdxfontmanager.cpp(31): warning C4244: '인수': 'float'에서 'UINT'(으)로 변환하면서 데이터가 손실될 수 있습니다.
c:\users\redforce\desktop\sga_directx_team-project\direct3d_project\direct3d_project\cdxfontmanager.cpp(31): warning C4244: '인수': 'float'에서 'INT'(으)로 변환하면서 데이터가 손실될 수 있습니다.
c:\users\redforce\desktop\sga_directx_team-project\direct3d_project\direct3d_project\cdxfontmanager.cpp(73): warning C4244: '인수': 'float'에서 'UINT'(으)로 변환하면서 데이터가 손실될 수 있습니다.
c:\users\redforce\desktop\sga_directx_team-project\direct3d_project\direct3d_project\cdxfontmanager.cpp(73): warning C4244: '인수': 'float'에서 'INT'(으)로 변환하면서 데이터가 손실될 수 있습니다.
  cCamera.cpp
  cBoundSphere.cpp
  cBoundBox.cpp
  cBaseObject.cpp
c:\users\redforce\desktop\sga_directx_team-project\direct3d_project\direct3d_project\cbaseobject.cpp(8): warning C4316: 'cTransform': 힙에 할당된 개체가 16에 맞추어져 있지 않을 수도 있습니다
  BoneHierachy.cpp
c:\users\redforce\desktop\sga_directx_team-project\direct3d_project\direct3d_project\bonehierachy.cpp(38): warning C4316: 'BONE': 힙에 할당된 개체가 16에 맞추어져 있지 않을 수도 있습니다
  코드를 생성하고 있습니다...
  Direct3D_Project.vcxproj -> C:\Users\REDFORCE\Desktop\SGA_DirectX_Team-Project\Direct3D_Project\Debug\Direct3D_Project.exe
